<?xml version="1.0" encoding="UTF-8"?>
<!-- Generated by org.testng.reporters.JUnitReportReporter -->
<testsuite skipped="0" hostname="Piyush" name="testcases.FacebookTest" tests="3" failures="0" timestamp="27 Apr 2023 06:20:23 GMT" time="17.064" errors="0">
  <testcase name="test" time="5.181" classname="testcases.FacebookTest"/>
  <testcase name="test" time="5.422" classname="testcases.FacebookTest"/>
  <testcase name="test" time="6.461" classname="testcases.FacebookTest"/>
</testsuite> <!-- testcases.FacebookTest -->
