<?xml version="1.0" encoding="UTF-8"?>
<!-- Generated by org.testng.reporters.JUnitReportReporter -->
<testsuite skipped="0" hostname="Piyush" name="testcases.AmazonTest" tests="2" failures="0" timestamp="27 Apr 2023 06:20:23 GMT" time="17.689" errors="0">
  <testcase name="test" time="8.787" classname="testcases.AmazonTest"/>
  <testcase name="test" time="8.902" classname="testcases.AmazonTest"/>
</testsuite> <!-- testcases.AmazonTest -->
